[INFO ] 2024-03-14 17:20:21.311 [main] Swag_Labs - url open
[INFO ] 2024-03-14 17:20:21.421 [main] Swag_Labs - enter ussername
[INFO ] 2024-03-14 17:20:21.921 [main] Swag_Labs - enter ussername
[INFO ] 2024-03-14 17:20:21.922 [main] Swag_Labs - enter password
[INFO ] 2024-03-14 17:20:22.141 [main] Swag_Labs - click on login button
[INFO ] 2024-03-14 17:20:29.902 [main] Swag_Labs - url open
[INFO ] 2024-03-14 17:20:29.908 [main] Swag_Labs - enter ussername
[INFO ] 2024-03-14 17:20:30.752 [main] Swag_Labs - enter ussername
[INFO ] 2024-03-14 17:20:30.755 [main] Swag_Labs - enter password
[INFO ] 2024-03-14 17:20:31.338 [main] Swag_Labs - click on login button
[INFO ] 2024-03-14 17:20:35.332 [main] Swag_Labs - url open
[INFO ] 2024-03-14 17:20:35.339 [main] Swag_Labs - enter ussername
[INFO ] 2024-03-14 17:20:35.853 [main] Swag_Labs - enter ussername
[INFO ] 2024-03-14 17:20:35.853 [main] Swag_Labs - enter password
[INFO ] 2024-03-14 17:20:36.524 [main] Swag_Labs - click on login button
[INFO ] 2024-03-14 17:20:43.672 [main] Swag_Labs - url open
[INFO ] 2024-03-14 17:20:43.673 [main] Swag_Labs - enter ussername
[INFO ] 2024-03-14 17:20:44.321 [main] Swag_Labs - enter ussername
[INFO ] 2024-03-14 17:20:44.321 [main] Swag_Labs - enter password
[INFO ] 2024-03-14 17:20:44.589 [main] Swag_Labs - click on login button
[INFO ] 2024-03-14 18:25:02.493 [main] Swag_Labs - url open
[INFO ] 2024-03-14 18:25:02.587 [main] Swag_Labs - Enter username
[INFO ] 2024-03-14 18:25:02.758 [main] Swag_Labs - Enter password
[INFO ] 2024-03-14 18:25:02.828 [main] Swag_Labs - Click on login button
[INFO ] 2024-03-14 18:25:05.750 [main] Swag_Labs - url open
[INFO ] 2024-03-14 18:25:05.762 [main] Swag_Labs - Enter username
[INFO ] 2024-03-14 18:25:06.505 [main] Swag_Labs - Enter password
[INFO ] 2024-03-14 18:25:06.610 [main] Swag_Labs - Click on login button
[INFO ] 2024-03-14 18:25:09.818 [main] Swag_Labs - url open
[INFO ] 2024-03-14 18:25:09.820 [main] Swag_Labs - Enter username
[INFO ] 2024-03-14 18:25:10.017 [main] Swag_Labs - Enter password
[INFO ] 2024-03-14 18:25:10.249 [main] Swag_Labs - Click on login button
[INFO ] 2024-03-14 18:31:03.249 [main] Swag_Labs - url open
[INFO ] 2024-03-14 18:31:03.339 [main] Swag_Labs - Enter username
[INFO ] 2024-03-14 18:31:03.564 [main] Swag_Labs - Enter password
[INFO ] 2024-03-14 18:31:03.640 [main] Swag_Labs - Click on login button
[INFO ] 2024-03-14 18:31:06.129 [main] Swag_Labs - url open
[INFO ] 2024-03-14 18:31:06.130 [main] Swag_Labs - Enter username
[INFO ] 2024-03-14 18:31:06.305 [main] Swag_Labs - Enter password
[INFO ] 2024-03-14 18:31:06.415 [main] Swag_Labs - Click on login button
[INFO ] 2024-03-14 18:31:09.028 [main] Swag_Labs - url open
[INFO ] 2024-03-14 18:31:09.033 [main] Swag_Labs - Enter username
[INFO ] 2024-03-14 18:31:09.522 [main] Swag_Labs - Enter password
[INFO ] 2024-03-14 18:31:09.658 [main] Swag_Labs - Click on login button
[INFO ] 2024-03-14 18:32:34.912 [main] Swag_Labs - url open
[INFO ] 2024-03-14 18:32:34.981 [main] Swag_Labs - Enter username
[INFO ] 2024-03-14 18:32:35.175 [main] Swag_Labs - Enter password
[INFO ] 2024-03-14 18:32:35.300 [main] Swag_Labs - Click on login button
[INFO ] 2024-03-14 18:32:40.384 [main] Swag_Labs - url open
[INFO ] 2024-03-14 18:32:40.389 [main] Swag_Labs - Enter username
[INFO ] 2024-03-14 18:32:40.704 [main] Swag_Labs - Enter password
[INFO ] 2024-03-14 18:32:40.944 [main] Swag_Labs - Click on login button
[INFO ] 2024-03-14 18:32:43.658 [main] Swag_Labs - url open
[INFO ] 2024-03-14 18:32:43.660 [main] Swag_Labs - Enter username
[INFO ] 2024-03-14 18:32:43.896 [main] Swag_Labs - Enter password
[INFO ] 2024-03-14 18:32:43.995 [main] Swag_Labs - Click on login button
[INFO ] 2024-03-14 18:32:46.764 [main] Swag_Labs - url open
[INFO ] 2024-03-14 18:32:46.765 [main] Swag_Labs - Enter username
[INFO ] 2024-03-14 18:32:46.941 [main] Swag_Labs - Enter password
[INFO ] 2024-03-14 18:32:47.148 [main] Swag_Labs - Click on login button
[INFO ] 2024-03-15 13:38:09.926 [main] Swag_Labs - url open
[INFO ] 2024-03-15 13:38:09.994 [main] Swag_Labs - Enter username
[INFO ] 2024-03-15 13:38:10.669 [main] Swag_Labs - Enter password
[INFO ] 2024-03-15 13:38:10.841 [main] Swag_Labs - Click on login button
[INFO ] 2024-03-15 13:38:16.637 [main] Swag_Labs - url open
[INFO ] 2024-03-15 13:38:16.645 [main] Swag_Labs - Enter username
[INFO ] 2024-03-15 13:38:17.075 [main] Swag_Labs - Enter password
[INFO ] 2024-03-15 13:38:17.663 [main] Swag_Labs - Click on login button
[INFO ] 2024-03-15 13:38:22.217 [main] Swag_Labs - url open
[INFO ] 2024-03-15 13:38:22.222 [main] Swag_Labs - Enter username
[INFO ] 2024-03-15 13:38:22.641 [main] Swag_Labs - Enter password
[INFO ] 2024-03-15 13:38:23.104 [main] Swag_Labs - Click on login button
[INFO ] 2024-03-15 13:38:27.782 [main] Swag_Labs - url open
[INFO ] 2024-03-15 13:38:27.785 [main] Swag_Labs - Enter username
[INFO ] 2024-03-15 13:38:28.154 [main] Swag_Labs - Enter password
[INFO ] 2024-03-15 13:38:28.489 [main] Swag_Labs - Click on login button
